# JRE version: OpenJDK Runtime Environment Temurin-21.0.10+7 (21.0.10+7) (build 21.0.10+7-LTS)
# Java VM: OpenJDK 64-Bit Server VM Temurin-21.0.10+7 (21.0.10+7-LTS, mixed mode, sharing, tiered, compressed oops, compressed class ptrs, parallel gc, windows-amd64)
GC Precious Log:
 CardTable entry size: 512
 CPUs: 12 total, 12 available
 Memory: 15678M
 Large Page Support: Disabled
 NUMA Support: Disabled
 Compressed Oops: Enabled (32-bit)
 Alignments: Space 512K, Generation 512K, Heap 2M
 Heap Min Capacity: 100M
 Heap Initial Capacity: 100M
 Heap Max Capacity: 2G
 Pre-touch: Disabled
 Parallel Workers: 10
Heap:
 PSYoungGen      total 7168K, used 1994K [0x00000000d5580000, 0x00000000d6000000, 0x0000000100000000)
  eden space 6144K, 27% used [0x00000000d5580000,0x00000000d5725090,0x00000000d5b80000)
  from space 1024K, 30% used [0x00000000d5e00000,0x00000000d5e4daa8,0x00000000d5f00000)
  to   space 512K, 0% used [0x00000000d5f80000,0x00000000d5f80000,0x00000000d6000000)
 ParOldGen       total 97792K, used 97712K [0x0000000080000000, 0x0000000085f80000, 0x00000000d5580000)
  object space 97792K, 99% used [0x0000000080000000,0x0000000085f6c268,0x0000000085f80000)
 Metaspace       used 74074K, committed 75776K, reserved 1179648K
  class space    used 7738K, committed 8448K, reserved 1048576K
GC Heap History (20 events):
Event: 3119.713 GC heap before
{Heap before GC invocations=91 (full 3):
 PSYoungGen      total 6656K, used 6400K [0x00000000d5580000, 0x00000000d6000000, 0x0000000100000000)
  eden space 6144K, 100% used [0x00000000d5580000,0x00000000d5b80000,0x00000000d5b80000)
  from space 512K, 50% used [0x00000000d5f00000,0x00000000d5f40000,0x00000000d5f80000)
  to   space 512K, 0% used [0x00000000d5f80000,0x00000000d5f80000,0x00000000d6000000)
 ParOldGen       total 97792K, used 97312K [0x0000000080000000, 0x0000000085f80000, 0x00000000d5580000)
  object space 97792K, 99% used [0x0000000080000000,0x0000000085f08268,0x0000000085f80000)
 Metaspace       used 73722K, committed 75392K, reserved 1179648K
  class space    used 7733K, committed 8448K, reserved 1048576K
}
Event: 3119.714 GC heap after
{Heap after GC invocations=91 (full 3):
 PSYoungGen      total 6656K, used 342K [0x00000000d5580000, 0x00000000d6000000, 0x0000000100000000)
  eden space 6144K, 0% used [0x00000000d5580000,0x00000000d5580000,0x00000000d5b80000)
  from space 512K, 66% used [0x00000000d5f80000,0x00000000d5fd5a88,0x00000000d6000000)
  to   space 512K, 0% used [0x00000000d5f00000,0x00000000d5f00000,0x00000000d5f80000)
 ParOldGen       total 97792K, used 97368K [0x0000000080000000, 0x0000000085f80000, 0x00000000d5580000)
  object space 97792K, 99% used [0x0000000080000000,0x0000000085f16268,0x0000000085f80000)
 Metaspace       used 73722K, committed 75392K, reserved 1179648K
  class space    used 7733K, committed 8448K, reserved 1048576K
}
Event: 3119.839 GC heap before
{Heap before GC invocations=92 (full 3):
 PSYoungGen      total 6656K, used 6486K [0x00000000d5580000, 0x00000000d6000000, 0x0000000100000000)
  eden space 6144K, 100% used [0x00000000d5580000,0x00000000d5b80000,0x00000000d5b80000)
  from space 512K, 66% used [0x00000000d5f80000,0x00000000d5fd5a88,0x00000000d6000000)
  to   space 512K, 0% used [0x00000000d5f00000,0x00000000d5f00000,0x00000000d5f80000)
 ParOldGen       total 97792K, used 97368K [0x0000000080000000, 0x0000000085f80000, 0x00000000d5580000)
  object space 97792K, 99% used [0x0000000080000000,0x0000000085f16268,0x0000000085f80000)
 Metaspace       used 73802K, committed 75456K, reserved 1179648K
  class space    used 7738K, committed 8448K, reserved 1048576K
}
Event: 3119.839 GC heap after
{Heap after GC invocations=92 (full 3):
 PSYoungGen      total 6656K, used 320K [0x00000000d5580000, 0x00000000d6000000, 0x0000000100000000)
  eden space 6144K, 0% used [0x00000000d5580000,0x00000000d5580000,0x00000000d5b80000)
  from space 512K, 62% used [0x00000000d5f00000,0x00000000d5f50000,0x00000000d5f80000)
  to   space 512K, 0% used [0x00000000d5f80000,0x00000000d5f80000,0x00000000d6000000)
 ParOldGen       total 97792K, used 97440K [0x0000000080000000, 0x0000000085f80000, 0x00000000d5580000)
  object space 97792K, 99% used [0x0000000080000000,0x0000000085f28268,0x0000000085f80000)
 Metaspace       used 73802K, committed 75456K, reserved 1179648K
  class space    used 7738K, committed 8448K, reserved 1048576K
}
Event: 3120.631 GC heap before
{Heap before GC invocations=93 (full 3):
 PSYoungGen      total 6656K, used 6464K [0x00000000d5580000, 0x00000000d6000000, 0x0000000100000000)
  eden space 6144K, 100% used [0x00000000d5580000,0x00000000d5b80000,0x00000000d5b80000)
  from space 512K, 62% used [0x00000000d5f00000,0x00000000d5f50000,0x00000000d5f80000)
  to   space 512K, 0% used [0x00000000d5f80000,0x00000000d5f80000,0x00000000d6000000)
 ParOldGen       total 97792K, used 97440K [0x0000000080000000, 0x0000000085f80000, 0x00000000d5580000)
  object space 97792K, 99% used [0x0000000080000000,0x0000000085f28268,0x0000000085f80000)
 Metaspace       used 73858K, committed 75520K, reserved 1179648K
  class space    used 7738K, committed 8448K, reserved 1048576K
}
Event: 3120.632 GC heap after
{Heap after GC invocations=93 (full 3):
 PSYoungGen      total 6656K, used 224K [0x00000000d5580000, 0x00000000d6000000, 0x0000000100000000)
  eden space 6144K, 0% used [0x00000000d5580000,0x00000000d5580000,0x00000000d5b80000)
  from space 512K, 43% used [0x00000000d5f80000,0x00000000d5fb8000,0x00000000d6000000)
  to   space 512K, 0% used [0x00000000d5f00000,0x00000000d5f00000,0x00000000d5f80000)
 ParOldGen       total 97792K, used 97504K [0x0000000080000000, 0x0000000085f80000, 0x00000000d5580000)
  object space 97792K, 99% used [0x0000000080000000,0x0000000085f38268,0x0000000085f80000)
 Metaspace       used 73858K, committed 75520K, reserved 1179648K
  class space    used 7738K, committed 8448K, reserved 1048576K
}
Event: 3124.766 GC heap before
{Heap before GC invocations=94 (full 3):
 PSYoungGen      total 6656K, used 6368K [0x00000000d5580000, 0x00000000d6000000, 0x0000000100000000)
  eden space 6144K, 100% used [0x00000000d5580000,0x00000000d5b80000,0x00000000d5b80000)
  from space 512K, 43% used [0x00000000d5f80000,0x00000000d5fb8000,0x00000000d6000000)
  to   space 512K, 0% used [0x00000000d5f00000,0x00000000d5f00000,0x00000000d5f80000)
 ParOldGen       total 97792K, used 97504K [0x0000000080000000, 0x0000000085f80000, 0x00000000d5580000)
  object space 97792K, 99% used [0x0000000080000000,0x0000000085f38268,0x0000000085f80000)
 Metaspace       used 73932K, committed 75584K, reserved 1179648K
  class space    used 7738K, committed 8448K, reserved 1048576K
}
Event: 3124.767 GC heap after
{Heap after GC invocations=94 (full 3):
 PSYoungGen      total 6656K, used 160K [0x00000000d5580000, 0x00000000d6000000, 0x0000000100000000)
  eden space 6144K, 0% used [0x00000000d5580000,0x00000000d5580000,0x00000000d5b80000)
  from space 512K, 31% used [0x00000000d5f00000,0x00000000d5f28000,0x00000000d5f80000)
  to   space 512K, 0% used [0x00000000d5f80000,0x00000000d5f80000,0x00000000d6000000)
 ParOldGen       total 97792K, used 97560K [0x0000000080000000, 0x0000000085f80000, 0x00000000d5580000)
  object space 97792K, 99% used [0x0000000080000000,0x0000000085f46268,0x0000000085f80000)
 Metaspace       used 73932K, committed 75584K, reserved 1179648K
  class space    used 7738K, committed 8448K, reserved 1048576K
}
Event: 3126.973 GC heap before
{Heap before GC invocations=95 (full 3):
 PSYoungGen      total 6656K, used 6304K [0x00000000d5580000, 0x00000000d6000000, 0x0000000100000000)
  eden space 6144K, 100% used [0x00000000d5580000,0x00000000d5b80000,0x00000000d5b80000)
  from space 512K, 31% used [0x00000000d5f00000,0x00000000d5f28000,0x00000000d5f80000)
  to   space 512K, 0% used [0x00000000d5f80000,0x00000000d5f80000,0x00000000d6000000)
 ParOldGen       total 97792K, used 97560K [0x0000000080000000, 0x0000000085f80000, 0x00000000d5580000)
  object space 97792K, 99% used [0x0000000080000000,0x0000000085f46268,0x0000000085f80000)
 Metaspace       used 73932K, committed 75584K, reserved 1179648K
  class space    used 7738K, committed 8448K, reserved 1048576K
}
Event: 3126.973 GC heap after
{Heap after GC invocations=95 (full 3):
 PSYoungGen      total 6656K, used 192K [0x00000000d5580000, 0x00000000d6000000, 0x0000000100000000)
  eden space 6144K, 0% used [0x00000000d5580000,0x00000000d5580000,0x00000000d5b80000)
  from space 512K, 37% used [0x00000000d5f80000,0x00000000d5fb0000,0x00000000d6000000)
  to   space 512K, 0% used [0x00000000d5f00000,0x00000000d5f00000,0x00000000d5f80000)
 ParOldGen       total 97792K, used 97624K [0x0000000080000000, 0x0000000085f80000, 0x00000000d5580000)
  object space 97792K, 99% used [0x0000000080000000,0x0000000085f56268,0x0000000085f80000)
 Metaspace       used 73932K, committed 75584K, reserved 1179648K
  class space    used 7738K, committed 8448K, reserved 1048576K
}
Event: 3128.164 GC heap before
{Heap before GC invocations=96 (full 3):
 PSYoungGen      total 6656K, used 6336K [0x00000000d5580000, 0x00000000d6000000, 0x0000000100000000)
  eden space 6144K, 100% used [0x00000000d5580000,0x00000000d5b80000,0x00000000d5b80000)
  from space 512K, 37% used [0x00000000d5f80000,0x00000000d5fb0000,0x00000000d6000000)
  to   space 512K, 0% used [0x00000000d5f00000,0x00000000d5f00000,0x00000000d5f80000)
 ParOldGen       total 97792K, used 97624K [0x0000000080000000, 0x0000000085f80000, 0x00000000d5580000)
  object space 97792K, 99% used [0x0000000080000000,0x0000000085f56268,0x0000000085f80000)
 Metaspace       used 73932K, committed 75584K, reserved 1179648K
  class space    used 7738K, committed 8448K, reserved 1048576K
}
Event: 3128.165 GC heap after
{Heap after GC invocations=96 (full 3):
 PSYoungGen      total 6656K, used 224K [0x00000000d5580000, 0x00000000d6000000, 0x0000000100000000)
  eden space 6144K, 0% used [0x00000000d5580000,0x00000000d5580000,0x00000000d5b80000)
  from space 512K, 43% used [0x00000000d5f00000,0x00000000d5f38000,0x00000000d5f80000)
  to   space 512K, 0% used [0x00000000d5f80000,0x00000000d5f80000,0x00000000d6000000)
 ParOldGen       total 97792K, used 97640K [0x0000000080000000, 0x0000000085f80000, 0x00000000d5580000)
  object space 97792K, 99% used [0x0000000080000000,0x0000000085f5a268,0x0000000085f80000)
 Metaspace       used 73932K, committed 75584K, reserved 1179648K
  class space    used 7738K, committed 8448K, reserved 1048576K
}
Event: 3129.525 GC heap before
{Heap before GC invocations=97 (full 3):
 PSYoungGen      total 6656K, used 6368K [0x00000000d5580000, 0x00000000d6000000, 0x0000000100000000)
  eden space 6144K, 100% used [0x00000000d5580000,0x00000000d5b80000,0x00000000d5b80000)
  from space 512K, 43% used [0x00000000d5f00000,0x00000000d5f38000,0x00000000d5f80000)
  to   space 512K, 0% used [0x00000000d5f80000,0x00000000d5f80000,0x00000000d6000000)
 ParOldGen       total 97792K, used 97640K [0x0000000080000000, 0x0000000085f80000, 0x00000000d5580000)
  object space 97792K, 99% used [0x0000000080000000,0x0000000085f5a268,0x0000000085f80000)
 Metaspace       used 73934K, committed 75584K, reserved 1179648K
  class space    used 7738K, committed 8448K, reserved 1048576K
}
Event: 3129.526 GC heap after
{Heap after GC invocations=97 (full 3):
 PSYoungGen      total 6656K, used 160K [0x00000000d5580000, 0x00000000d6000000, 0x0000000100000000)
  eden space 6144K, 0% used [0x00000000d5580000,0x00000000d5580000,0x00000000d5b80000)
  from space 512K, 31% used [0x00000000d5f80000,0x00000000d5fa8000,0x00000000d6000000)
  to   space 512K, 0% used [0x00000000d5f00000,0x00000000d5f00000,0x00000000d5f80000)
 ParOldGen       total 97792K, used 97656K [0x0000000080000000, 0x0000000085f80000, 0x00000000d5580000)
  object space 97792K, 99% used [0x0000000080000000,0x0000000085f5e268,0x0000000085f80000)
 Metaspace       used 73934K, committed 75584K, reserved 1179648K
  class space    used 7738K, committed 8448K, reserved 1048576K
}
Event: 3130.868 GC heap before
{Heap before GC invocations=98 (full 3):
 PSYoungGen      total 6656K, used 6304K [0x00000000d5580000, 0x00000000d6000000, 0x0000000100000000)
  eden space 6144K, 100% used [0x00000000d5580000,0x00000000d5b80000,0x00000000d5b80000)
  from space 512K, 31% used [0x00000000d5f80000,0x00000000d5fa8000,0x00000000d6000000)
  to   space 512K, 0% used [0x00000000d5f00000,0x00000000d5f00000,0x00000000d5f80000)
 ParOldGen       total 97792K, used 97656K [0x0000000080000000, 0x0000000085f80000, 0x00000000d5580000)
  object space 97792K, 99% used [0x0000000080000000,0x0000000085f5e268,0x0000000085f80000)
 Metaspace       used 73939K, committed 75584K, reserved 1179648K
  class space    used 7738K, committed 8448K, reserved 1048576K
}
Event: 3130.869 GC heap after
{Heap after GC invocations=98 (full 3):
 PSYoungGen      total 6656K, used 128K [0x00000000d5580000, 0x00000000d6000000, 0x0000000100000000)
  eden space 6144K, 0% used [0x00000000d5580000,0x00000000d5580000,0x00000000d5b80000)
  from space 512K, 25% used [0x00000000d5f00000,0x00000000d5f20000,0x00000000d5f80000)
  to   space 512K, 0% used [0x00000000d5f80000,0x00000000d5f80000,0x00000000d6000000)
 ParOldGen       total 97792K, used 97672K [0x0000000080000000, 0x0000000085f80000, 0x00000000d5580000)
  object space 97792K, 99% used [0x0000000080000000,0x0000000085f62268,0x0000000085f80000)
 Metaspace       used 73939K, committed 75584K, reserved 1179648K
  class space    used 7738K, committed 8448K, reserved 1048576K
}
Event: 34244.801 GC heap before
{Heap before GC invocations=99 (full 3):
 PSYoungGen      total 6656K, used 6272K [0x00000000d5580000, 0x00000000d6000000, 0x0000000100000000)
  eden space 6144K, 100% used [0x00000000d5580000,0x00000000d5b80000,0x00000000d5b80000)
  from space 512K, 25% used [0x00000000d5f00000,0x00000000d5f20000,0x00000000d5f80000)
  to   space 512K, 0% used [0x00000000d5f80000,0x00000000d5f80000,0x00000000d6000000)
 ParOldGen       total 97792K, used 97672K [0x0000000080000000, 0x0000000085f80000, 0x00000000d5580000)
  object space 97792K, 99% used [0x0000000080000000,0x0000000085f62268,0x0000000085f80000)
 Metaspace       used 74037K, committed 75648K, reserved 1179648K
  class space    used 7738K, committed 8448K, reserved 1048576K
}
Event: 34244.804 GC heap after
{Heap after GC invocations=99 (full 3):
 PSYoungGen      total 6656K, used 480K [0x00000000d5580000, 0x00000000d6000000, 0x0000000100000000)
  eden space 6144K, 0% used [0x00000000d5580000,0x00000000d5580000,0x00000000d5b80000)
  from space 512K, 93% used [0x00000000d5f80000,0x00000000d5ff8020,0x00000000d6000000)
  to   space 1024K, 0% used [0x00000000d5e00000,0x00000000d5e00000,0x00000000d5f00000)
 ParOldGen       total 97792K, used 97688K [0x0000000080000000, 0x0000000085f80000, 0x00000000d5580000)
  object space 97792K, 99% used [0x0000000080000000,0x0000000085f66268,0x0000000085f80000)
 Metaspace       used 74037K, committed 75648K, reserved 1179648K
  class space    used 7738K, committed 8448K, reserved 1048576K
}
Event: 46272.805 GC heap before
{Heap before GC invocations=100 (full 3):
 PSYoungGen      total 6656K, used 6624K [0x00000000d5580000, 0x00000000d6000000, 0x0000000100000000)
  eden space 6144K, 100% used [0x00000000d5580000,0x00000000d5b80000,0x00000000d5b80000)
  from space 512K, 93% used [0x00000000d5f80000,0x00000000d5ff8020,0x00000000d6000000)
  to   space 1024K, 0% used [0x00000000d5e00000,0x00000000d5e00000,0x00000000d5f00000)
 ParOldGen       total 97792K, used 97688K [0x0000000080000000, 0x0000000085f80000, 0x00000000d5580000)
  object space 97792K, 99% used [0x0000000080000000,0x0000000085f66268,0x0000000085f80000)
 Metaspace       used 74058K, committed 75776K, reserved 1179648K
  class space    used 7738K, committed 8448K, reserved 1048576K
}
Event: 46272.807 GC heap after
{Heap after GC invocations=100 (full 3):
 PSYoungGen      total 7168K, used 310K [0x00000000d5580000, 0x00000000d6000000, 0x0000000100000000)
  eden space 6144K, 0% used [0x00000000d5580000,0x00000000d5580000,0x00000000d5b80000)
  from space 1024K, 30% used [0x00000000d5e00000,0x00000000d5e4daa8,0x00000000d5f00000)
  to   space 512K, 0% used [0x00000000d5f80000,0x00000000d5f80000,0x00000000d6000000)
 ParOldGen       total 97792K, used 97712K [0x0000000080000000, 0x0000000085f80000, 0x00000000d5580000)
  object space 97792K, 99% used [0x0000000080000000,0x0000000085f6c268,0x0000000085f80000)
 Metaspace       used 74058K, committed 75776K, reserved 1179648K
  class space    used 7738K, committed 8448K, reserved 1048576K
}

